info it worked if it ends with ok
verbose cli [ 'C:\\Program Files (x86)\\nodejs\\\\node.exe',
verbose cli   'C:\\Program Files (x86)\\nodejs\\node_modules\\npm\\bin\\npm-cli.js',
verbose cli   'install',
verbose cli   'websocket' ]
info using npm@1.1.1
info using node@v0.6.11
verbose config file C:\Users\Fannon\.npmrc
verbose config file C:\Program Files (x86)\nodejs\etc\npmrc
verbose config file C:\Program Files (x86)\nodejs\node_modules\npm\npmrc
verbose mkdir done: C:\Users\Fannon\AppData\Roaming\npm 755
verbose mkdir done: D:\Dropbox\Dokumente\Studium\IAM\Data & Netz\IA3.Netz Projekt\beispiele\nodejs-chat 755
verbose cache add [ 'websocket', null ]
silly cache add: name, spec, args [ undefined, 'websocket', [ 'websocket', null ] ]
verbose parsed url { pathname: 'websocket', path: 'websocket', href: 'websocket' }
verbose addNamed [ 'websocket', '' ]
verbose addNamed [ null, '' ]
silly name, range, hasData [ 'websocket', '', false ]
verbose raw, before any munging websocket
verbose url resolving [ 'https://registry.npmjs.org/', './websocket' ]
verbose url resolved https://registry.npmjs.org/websocket
verbose etag "45ABNZFQN6SUA7INPLX5GT9VG"
http GET https://registry.npmjs.org/websocket
http 304 https://registry.npmjs.org/websocket
silly get cb [ 304,
silly get cb   { server: 'CouchDB/1.1.0 (Erlang OTP/R14B04)',
silly get cb     etag: '"45ABNZFQN6SUA7INPLX5GT9VG"',
silly get cb     date: 'Wed, 29 Feb 2012 10:39:08 GMT',
silly get cb     'content-length': '0' } ]
verbose etag websocket from cache
verbose mkdir done: C:\Users\Fannon\AppData\Roaming\npm-cache\websocket 755
silly name, range, hasData 2 [ 'websocket', '', true ]
silly versions [ 'websocket',
silly versions   [ '0.0.1',
silly versions     '0.0.2',
silly versions     '0.0.3',
silly versions     '0.0.4',
silly versions     '0.0.5',
silly versions     '0.0.6',
silly versions     '0.0.7',
silly versions     '0.0.8',
silly versions     '0.0.9',
silly versions     '0.0.10',
silly versions     '0.0.11',
silly versions     '0.0.12',
silly versions     '0.0.13',
silly versions     '0.0.14',
silly versions     '0.0.15',
silly versions     '0.0.16',
silly versions     '0.0.17',
silly versions     '0.0.18',
silly versions     '0.0.19',
silly versions     '0.0.20',
silly versions     '1.0.0',
silly versions     '1.0.1',
silly versions     '1.0.2',
silly versions     '1.0.3',
silly versions     '1.0.4' ] ]
verbose bin dist [ '0.6-ares1.7.5-DEV-evundefined-openssl0.9.8r-v83.6.6.20-win32-ia32-6.1.7601',
verbose bin dist   { shasum: '1ceb545541dce5531c12187b80de902718a6afd2',
verbose bin dist     tarball: 'http://registry.npmjs.org/websocket/-/websocket-1.0.4.tgz' } ]
verbose has wscript [ undefined,
verbose has wscript   { file: 'C:\\Users\\Fannon\\AppData\\Roaming\\npm-cache\\websocket\\1.0.4\\package\\package.json',
verbose has wscript     contributors: false,
verbose has wscript     serverjs: false,
verbose has wscript     wscript: true } ]
verbose caching C:\Users\Fannon\AppData\Roaming\npm-cache\websocket\1.0.4\package\package.json
verbose loadDefaults websocket@1.0.4
silly resolved [ { name: 'websocket',
silly resolved     description: 'Websocket Client & Server Library tracking the latest protocol drafts from the IETF.',
silly resolved     keywords: [ 'websocket', 'socket', 'networking', 'comet', 'push' ],
silly resolved     author: { name: 'Brian McKelvey', email: 'brian@worlize.com' },
silly resolved     version: '1.0.4',
silly resolved     repository: 
silly resolved      { type: 'git',
silly resolved        url: 'git://github.com/Worlize/WebSocket-Node.git' },
silly resolved     engines: { node: '>=0.4.7' },
silly resolved     scripts: { preinstall: 'make validator' },
silly resolved     main: 'index',
silly resolved     directories: { lib: './lib' },
silly resolved     _id: 'websocket@1.0.4',
silly resolved     dependencies: {},
silly resolved     devDependencies: {},
silly resolved     optionalDependencies: {},
silly resolved     _engineSupported: true,
silly resolved     _npmVersion: '1.1.1',
silly resolved     _nodeVersion: 'v0.6.11',
silly resolved     _defaultsLoaded: true } ]
info into D:\Dropbox\Dokumente\Studium\IAM\Data & Netz\IA3.Netz Projekt\beispiele\nodejs-chat websocket@1.0.4
info installOne websocket@1.0.4
info unbuild D:\Dropbox\Dokumente\Studium\IAM\Data & Netz\IA3.Netz Projekt\beispiele\nodejs-chat\node_modules\websocket
verbose from cache C:\Users\Fannon\AppData\Roaming\npm-cache\websocket\1.0.4\package\package.json
verbose mkdir (expected) error ENOENT, no such file or directory 'D:\Dropbox\Dokumente\Studium\IAM\Data & Netz\IA3.Netz Projekt\beispiele\nodejs-chat\node_modules\___websocket.npm'
verbose mkdir done: D:\Dropbox\Dokumente\Studium\IAM\Data & Netz\IA3.Netz Projekt\beispiele\nodejs-chat\node_modules\___websocket.npm 755
verbose unpack_ uid, gid [ undefined, undefined ]
verbose unpackTarget D:\Dropbox\Dokumente\Studium\IAM\Data & Netz\IA3.Netz Projekt\beispiele\nodejs-chat\node_modules\websocket
silly gunzTarPerm modes [ '755', '644' ]
silly afterUntar undefined
verbose gunzed D:\Dropbox\Dokumente\Studium\IAM\Data & Netz\IA3.Netz Projekt\beispiele\nodejs-chat\node_modules\___websocket.npm\package
verbose rm'ed D:\Dropbox\Dokumente\Studium\IAM\Data & Netz\IA3.Netz Projekt\beispiele\nodejs-chat\node_modules\websocket
verbose renamed [ 'D:\\Dropbox\\Dokumente\\Studium\\IAM\\Data & Netz\\IA3.Netz Projekt\\beispiele\\nodejs-chat\\node_modules\\___websocket.npm\\package',
verbose renamed   'D:\\Dropbox\\Dokumente\\Studium\\IAM\\Data & Netz\\IA3.Netz Projekt\\beispiele\\nodejs-chat\\node_modules\\websocket' ]
verbose has wscript [ undefined,
verbose has wscript   { file: 'D:\\Dropbox\\Dokumente\\Studium\\IAM\\Data & Netz\\IA3.Netz Projekt\\beispiele\\nodejs-chat\\node_modules\\websocket\\package.json',
verbose has wscript     contributors: false,
verbose has wscript     serverjs: false,
verbose has wscript     wscript: true } ]
verbose caching D:\Dropbox\Dokumente\Studium\IAM\Data & Netz\IA3.Netz Projekt\beispiele\nodejs-chat\node_modules\websocket\package.json
verbose loadDefaults websocket@1.0.4
info preinstall websocket@1.0.4
verbose unsafe-perm in lifecycle true
silly exec cmd "/c" "make validator"
silly spawning [ 'cmd',
silly spawning   [ '/c', 'make validator' ],
silly spawning   'D:\\Dropbox\\Dokumente\\Studium\\IAM\\Data & Netz\\IA3.Netz Projekt\\beispiele\\nodejs-chat\\node_modules\\websocket' ]
info websocket@1.0.4 Failed to exec preinstall script
ERR! error installing websocket@1.0.4
info unbuild D:\Dropbox\Dokumente\Studium\IAM\Data & Netz\IA3.Netz Projekt\beispiele\nodejs-chat\node_modules\websocket
verbose from cache D:\Dropbox\Dokumente\Studium\IAM\Data & Netz\IA3.Netz Projekt\beispiele\nodejs-chat\node_modules\websocket\package.json
info preuninstall websocket@1.0.4
info uninstall websocket@1.0.4
verbose unbuild websocket@1.0.4 [ true,
verbose unbuild websocket@1.0.4   'D:\\Dropbox\\Dokumente\\Studium\\IAM\\Data & Netz\\IA3.Netz Projekt\\beispiele\\nodejs-chat\\node_modules',
verbose unbuild websocket@1.0.4   'D:\\Dropbox\\Dokumente\\Studium\\IAM\\Data & Netz\\IA3.Netz Projekt\\beispiele\\nodejs-chat\\node_modules' ]
info postuninstall websocket@1.0.4
verbose installOne cb websocket@1.0.4
ERR! websocket@1.0.4 preinstall: `make validator`
ERR! `cmd "/c" "make validator"` failed with 1
ERR! 
ERR! Failed at the websocket@1.0.4 preinstall script.
ERR! This is most likely a problem with the websocket package,
ERR! not with npm itself.
ERR! Tell the author that this fails on your system:
ERR!     make validator
ERR! You can get their info via:
ERR!     npm owner ls websocket
ERR! There is likely additional logging output above.
ERR! 
ERR! System Windows_NT 6.1.7601
ERR! command "C:\\Program Files (x86)\\nodejs\\\\node.exe" "C:\\Program Files (x86)\\nodejs\\node_modules\\npm\\bin\\npm-cli.js" "install" "websocket"
ERR! cwd D:\Dropbox\Dokumente\Studium\IAM\Data & Netz\IA3.Netz Projekt\beispiele\nodejs-chat
ERR! node -v v0.6.11
ERR! npm -v 1.1.1
ERR! code ELIFECYCLE
ERR! message websocket@1.0.4 preinstall: `make validator`
ERR! message `cmd "/c" "make validator"` failed with 1
ERR! errno {}
verbose exit [ 1, true ]
