info it worked if it ends with ok
verbose cli [ 'C:\\Program Files (x86)\\nodejs\\\\node.exe',
verbose cli   'C:\\Program Files (x86)\\nodejs\\node_modules\\npm\\bin\\npm-cli.js',
verbose cli   'install',
verbose cli   'node-dateformat' ]
info using npm@1.1.1
info using node@v0.6.11
verbose config file C:\Users\Fannon\.npmrc
verbose config file C:\Program Files (x86)\nodejs\etc\npmrc
verbose config file C:\Program Files (x86)\nodejs\node_modules\npm\npmrc
verbose mkdir done: C:\Users\Fannon\AppData\Roaming\npm 755
verbose mkdir done: D:\Dropbox\Dokumente\Studium\IAM\Data & Netz\IA3.Netz Projekt\server 755
verbose caching D:\Dropbox\Dokumente\Studium\IAM\Data & Netz\IA3.Netz Projekt\server\node_modules\socket.io\package.json
verbose loadDefaults socket.io@0.9.0
verbose cache add [ 'node-dateformat', null ]
silly cache add: name, spec, args [ undefined, 'node-dateformat', [ 'node-dateformat', null ] ]
verbose parsed url { pathname: 'node-dateformat',
verbose parsed url   path: 'node-dateformat',
verbose parsed url   href: 'node-dateformat' }
verbose addNamed [ 'node-dateformat', '' ]
verbose addNamed [ null, '' ]
silly name, range, hasData [ 'node-dateformat', '', false ]
verbose raw, before any munging node-dateformat
verbose url resolving [ 'https://registry.npmjs.org/', './node-dateformat' ]
verbose url resolved https://registry.npmjs.org/node-dateformat
http GET https://registry.npmjs.org/node-dateformat
http 404 https://registry.npmjs.org/node-dateformat
silly get cb [ 404,
silly get cb   { server: 'CouchDB/1.1.0 (Erlang OTP/R14B04)',
silly get cb     date: 'Wed, 29 Feb 2012 17:19:46 GMT',
silly get cb     'content-type': 'application/json',
silly get cb     'content-length': '52',
silly get cb     'cache-control': 'must-revalidate' } ]
ERR! 404 'node-dateformat' is not in the npm registry.
ERR! 404 You should bug the author to publish it
ERR! 404 Maybe try 'npm search dateformat'
ERR! 404 Note that you can also install from a
ERR! 404 tarball, folder, or http url, or git url.
ERR! 
ERR! System Windows_NT 6.1.7601
ERR! command "C:\\Program Files (x86)\\nodejs\\\\node.exe" "C:\\Program Files (x86)\\nodejs\\node_modules\\npm\\bin\\npm-cli.js" "install" "node-dateformat"
ERR! cwd D:\Dropbox\Dokumente\Studium\IAM\Data & Netz\IA3.Netz Projekt\server
ERR! node -v v0.6.11
ERR! npm -v 1.1.1
ERR! code E404
ERR! message 404 Not Found: node-dateformat
ERR! errno {}
verbose exit [ 1, true ]
